Hmm ... looks like a package

This is pdfTeX, Version 3.14159265-2.6-1.40.19 (TeX Live 2018) (preloaded format=pdflatex)
 restricted \write18 enabled.
entering extended mode
LaTeX2e <2018-04-01> patch level 2
Babel <3.18> and hyphenation patterns for 22 language(s) loaded.
(./Rd2.tex
(/usr/local/texlive/2018basic/texmf-dist/tex/latex/base/book.cls
Document Class: book 2014/09/29 v1.4h Standard LaTeX document class
(/usr/local/texlive/2018basic/texmf-dist/tex/latex/base/bk10.clo))
(/Library/Frameworks/R.framework/Resources/share/texmf/tex/latex/Rd.sty
(/usr/local/texlive/2018basic/texmf-dist/tex/latex/base/ifthen.sty)
(/usr/local/texlive/2018basic/texmf-dist/tex/latex/tools/longtable.sty)
(/usr/local/texlive/2018basic/texmf-dist/tex/latex/tools/bm.sty)
(/usr/local/texlive/2018basic/texmf-dist/tex/latex/base/alltt.sty)
(/usr/local/texlive/2018basic/texmf-dist/tex/latex/tools/verbatim.sty)
(/usr/local/texlive/2018basic/texmf-dist/tex/latex/url/url.sty)
(/usr/local/texlive/2018basic/texmf-dist/tex/latex/base/textcomp.sty
(/usr/local/texlive/2018basic/texmf-dist/tex/latex/base/ts1enc.def
(/usr/local/texlive/2018basic/texmf-dist/tex/latex/base/ts1enc.dfu)))
(/usr/local/texlive/2018basic/texmf-dist/tex/latex/base/fontenc.sty
(/usr/local/texlive/2018basic/texmf-dist/tex/latex/base/t1enc.def))
(/usr/local/texlive/2018basic/texmf-dist/tex/latex/psnfss/times.sty)
(/usr/local/texlive/2018basic/texmf-dist/tex/latex/inconsolata/zi4.sty
`inconsolata-zi4' v1.112, 2017/01/04 Text macros for Inconsolata (msharpe)
(/usr/local/texlive/2018basic/texmf-dist/tex/latex/xkeyval/xkeyval.sty
(/usr/local/texlive/2018basic/texmf-dist/tex/generic/xkeyval/xkeyval.tex
(/usr/local/texlive/2018basic/texmf-dist/tex/generic/xkeyval/xkvutils.tex
(/usr/local/texlive/2018basic/texmf-dist/tex/generic/xkeyval/keyval.tex)))))
(/usr/local/texlive/2018basic/texmf-dist/tex/latex/graphics/color.sty
(/usr/local/texlive/2018basic/texmf-dist/tex/latex/graphics-cfg/color.cfg)
(/usr/local/texlive/2018basic/texmf-dist/tex/latex/graphics-def/pdftex.def))
(/usr/local/texlive/2018basic/texmf-dist/tex/latex/hyperref/hyperref.sty
(/usr/local/texlive/2018basic/texmf-dist/tex/generic/oberdiek/hobsub-hyperref.s
ty
(/usr/local/texlive/2018basic/texmf-dist/tex/generic/oberdiek/hobsub-generic.st
y)) (/usr/local/texlive/2018basic/texmf-dist/tex/generic/ifxetex/ifxetex.sty)
(/usr/local/texlive/2018basic/texmf-dist/tex/latex/oberdiek/auxhook.sty)
(/usr/local/texlive/2018basic/texmf-dist/tex/latex/oberdiek/kvoptions.sty)
(/usr/local/texlive/2018basic/texmf-dist/tex/latex/hyperref/pd1enc.def)
(/usr/local/texlive/2018basic/texmf-dist/tex/latex/latexconfig/hyperref.cfg))
(/usr/local/texlive/2018basic/texmf-dist/tex/latex/hyperref/hpdftex.def
(/usr/local/texlive/2018basic/texmf-dist/tex/latex/oberdiek/rerunfilecheck.sty)
)

Package hyperref Warning: Option `hyperindex' has already been used,
(hyperref)                setting the option has no effect on input line 366.


Package hyperref Warning: Option `pagebackref' has already been used,
(hyperref)                setting the option has no effect on input line 366.

) (/usr/local/texlive/2018basic/texmf-dist/tex/latex/base/makeidx.sty)
(/usr/local/texlive/2018basic/texmf-dist/tex/latex/base/inputenc.sty)
Writing index file Rd2.idx
No file Rd2.aux.
(/usr/local/texlive/2018basic/texmf-dist/tex/latex/base/ts1cmr.fd)
(/usr/local/texlive/2018basic/texmf-dist/tex/latex/psnfss/t1ptm.fd)
(/usr/local/texlive/2018basic/texmf-dist/tex/context/base/mkii/supp-pdf.mkii
[Loading MPS to PDF converter (version 2006.09.02).]
) (/usr/local/texlive/2018basic/texmf-dist/tex/latex/hyperref/nameref.sty
(/usr/local/texlive/2018basic/texmf-dist/tex/generic/oberdiek/gettitlestring.st
y)) (/usr/local/texlive/2018basic/texmf-dist/tex/latex/inconsolata/t1zi4.fd)
(/usr/local/texlive/2018basic/texmf-dist/tex/latex/psnfss/t1phv.fd)
Overfull \hbox (22.46844pt too wide) in paragraph at lines 43--47
[]\T1/ptm/m/n/10 Repeat cap-tur-ing net-work logs with pa-ram-e-ters you spec-i
fy from [][]\T1/zi4/m/n/10 ping_capture[][][] \T1/ptm/m/n/10 and [][]\T1/zi4/m/
n/10 get_destinations[][][]\T1/ptm/m/n/10 .
[1{/usr/local/texlive/2018basic/texmf-var/fonts/map/pdftex/updmap/pdftex.map}]
[2]
No file Rd2.ind.
[3] (./Rd2.aux)

Package rerunfilecheck Warning: File `Rd2.out' has changed.
(rerunfilecheck)                Rerun to get outlines right
(rerunfilecheck)                or use package `bookmark'.

 )
(see the transcript file for additional information){/usr/local/texlive/2018bas
ic/texmf-dist/fonts/enc/dvips/base/8r.enc}{/usr/local/texlive/2018basic/texmf-d
ist/fonts/enc/dvips/inconsolata/i4-t1-0.enc}</usr/local/texlive/2018basic/texmf
-dist/fonts/type1/public/inconsolata/Inconsolata-zi4r.pfb></usr/local/texlive/2
018basic/texmf-dist/fonts/type1/urw/helvetic/uhvr8a.pfb></usr/local/texlive/201
8basic/texmf-dist/fonts/type1/urw/times/utmb8a.pfb></usr/local/texlive/2018basi
c/texmf-dist/fonts/type1/urw/times/utmr8a.pfb></usr/local/texlive/2018basic/tex
mf-dist/fonts/type1/urw/times/utmr8a.pfb></usr/local/texlive/2018basic/texmf-di
st/fonts/type1/urw/times/utmri8a.pfb>
Output written on Rd2.pdf (3 pages, 78574 bytes).
Transcript written on Rd2.log.
This is makeindex, version 2.15 [TeX Live 2018] (kpathsea + Thai support).
Scanning input file Rd2.idx....done (6 entries accepted, 0 rejected).
Sorting entries....done (15 comparisons).
Generating output file Rd2.ind....done (19 lines written, 0 warnings).
Output written in Rd2.ind.
Transcript written in Rd2.ilg.
This is pdfTeX, Version 3.14159265-2.6-1.40.19 (TeX Live 2018) (preloaded format=pdflatex)
 restricted \write18 enabled.
entering extended mode
LaTeX2e <2018-04-01> patch level 2
Babel <3.18> and hyphenation patterns for 22 language(s) loaded.
(./Rd2.tex
(/usr/local/texlive/2018basic/texmf-dist/tex/latex/base/book.cls
Document Class: book 2014/09/29 v1.4h Standard LaTeX document class
(/usr/local/texlive/2018basic/texmf-dist/tex/latex/base/bk10.clo))
(/Library/Frameworks/R.framework/Resources/share/texmf/tex/latex/Rd.sty
(/usr/local/texlive/2018basic/texmf-dist/tex/latex/base/ifthen.sty)
(/usr/local/texlive/2018basic/texmf-dist/tex/latex/tools/longtable.sty)
(/usr/local/texlive/2018basic/texmf-dist/tex/latex/tools/bm.sty)
(/usr/local/texlive/2018basic/texmf-dist/tex/latex/base/alltt.sty)
(/usr/local/texlive/2018basic/texmf-dist/tex/latex/tools/verbatim.sty)
(/usr/local/texlive/2018basic/texmf-dist/tex/latex/url/url.sty)
(/usr/local/texlive/2018basic/texmf-dist/tex/latex/base/textcomp.sty
(/usr/local/texlive/2018basic/texmf-dist/tex/latex/base/ts1enc.def
(/usr/local/texlive/2018basic/texmf-dist/tex/latex/base/ts1enc.dfu)))
(/usr/local/texlive/2018basic/texmf-dist/tex/latex/base/fontenc.sty
(/usr/local/texlive/2018basic/texmf-dist/tex/latex/base/t1enc.def))
(/usr/local/texlive/2018basic/texmf-dist/tex/latex/psnfss/times.sty)
(/usr/local/texlive/2018basic/texmf-dist/tex/latex/inconsolata/zi4.sty
`inconsolata-zi4' v1.112, 2017/01/04 Text macros for Inconsolata (msharpe)
(/usr/local/texlive/2018basic/texmf-dist/tex/latex/xkeyval/xkeyval.sty
(/usr/local/texlive/2018basic/texmf-dist/tex/generic/xkeyval/xkeyval.tex
(/usr/local/texlive/2018basic/texmf-dist/tex/generic/xkeyval/xkvutils.tex
(/usr/local/texlive/2018basic/texmf-dist/tex/generic/xkeyval/keyval.tex)))))
(/usr/local/texlive/2018basic/texmf-dist/tex/latex/graphics/color.sty
(/usr/local/texlive/2018basic/texmf-dist/tex/latex/graphics-cfg/color.cfg)
(/usr/local/texlive/2018basic/texmf-dist/tex/latex/graphics-def/pdftex.def))
(/usr/local/texlive/2018basic/texmf-dist/tex/latex/hyperref/hyperref.sty
(/usr/local/texlive/2018basic/texmf-dist/tex/generic/oberdiek/hobsub-hyperref.s
ty
(/usr/local/texlive/2018basic/texmf-dist/tex/generic/oberdiek/hobsub-generic.st
y)) (/usr/local/texlive/2018basic/texmf-dist/tex/generic/ifxetex/ifxetex.sty)
(/usr/local/texlive/2018basic/texmf-dist/tex/latex/oberdiek/auxhook.sty)
(/usr/local/texlive/2018basic/texmf-dist/tex/latex/oberdiek/kvoptions.sty)
(/usr/local/texlive/2018basic/texmf-dist/tex/latex/hyperref/pd1enc.def)
(/usr/local/texlive/2018basic/texmf-dist/tex/latex/latexconfig/hyperref.cfg))
(/usr/local/texlive/2018basic/texmf-dist/tex/latex/hyperref/hpdftex.def
(/usr/local/texlive/2018basic/texmf-dist/tex/latex/oberdiek/rerunfilecheck.sty)
)

Package hyperref Warning: Option `hyperindex' has already been used,
(hyperref)                setting the option has no effect on input line 366.


Package hyperref Warning: Option `pagebackref' has already been used,
(hyperref)                setting the option has no effect on input line 366.

) (/usr/local/texlive/2018basic/texmf-dist/tex/latex/base/makeidx.sty)
(/usr/local/texlive/2018basic/texmf-dist/tex/latex/base/inputenc.sty)
Writing index file Rd2.idx
(./Rd2.aux) (/usr/local/texlive/2018basic/texmf-dist/tex/latex/base/ts1cmr.fd)
(/usr/local/texlive/2018basic/texmf-dist/tex/latex/psnfss/t1ptm.fd)
(/usr/local/texlive/2018basic/texmf-dist/tex/context/base/mkii/supp-pdf.mkii
[Loading MPS to PDF converter (version 2006.09.02).]
) (/usr/local/texlive/2018basic/texmf-dist/tex/latex/hyperref/nameref.sty
(/usr/local/texlive/2018basic/texmf-dist/tex/generic/oberdiek/gettitlestring.st
y)) (./Rd2.out) (./Rd2.out)
(/usr/local/texlive/2018basic/texmf-dist/tex/latex/inconsolata/t1zi4.fd)
(/usr/local/texlive/2018basic/texmf-dist/tex/latex/psnfss/t1phv.fd) (./Rd2.toc)

Overfull \hbox (22.46844pt too wide) in paragraph at lines 43--47
[]\T1/ptm/m/n/10 Repeat cap-tur-ing net-work logs with pa-ram-e-ters you spec-i
fy from [][]\T1/zi4/m/n/10 ping_capture[][][] \T1/ptm/m/n/10 and [][]\T1/zi4/m/
n/10 get_destinations[][][]\T1/ptm/m/n/10 .
[1{/usr/local/texlive/2018basic/texmf-var/fonts/map/pdftex/updmap/pdftex.map}]
[2] [3] (./Rd2.ind [4] [5]) (./Rd2.aux)

Package rerunfilecheck Warning: File `Rd2.out' has changed.
(rerunfilecheck)                Rerun to get outlines right
(rerunfilecheck)                or use package `bookmark'.

 )
(see the transcript file for additional information){/usr/local/texlive/2018bas
ic/texmf-dist/fonts/enc/dvips/base/8r.enc}{/usr/local/texlive/2018basic/texmf-d
ist/fonts/enc/dvips/inconsolata/i4-t1-0.enc}</usr/local/texlive/2018basic/texmf
-dist/fonts/type1/public/inconsolata/Inconsolata-zi4r.pfb></usr/local/texlive/2
018basic/texmf-dist/fonts/type1/urw/helvetic/uhvr8a.pfb></usr/local/texlive/201
8basic/texmf-dist/fonts/type1/urw/times/utmb8a.pfb></usr/local/texlive/2018basi
c/texmf-dist/fonts/type1/urw/times/utmr8a.pfb></usr/local/texlive/2018basic/tex
mf-dist/fonts/type1/urw/times/utmr8a.pfb></usr/local/texlive/2018basic/texmf-di
st/fonts/type1/urw/times/utmri8a.pfb>
Output written on Rd2.pdf (5 pages, 81305 bytes).
Transcript written on Rd2.log.
This is makeindex, version 2.15 [TeX Live 2018] (kpathsea + Thai support).
Scanning input file Rd2.idx....done (6 entries accepted, 0 rejected).
Sorting entries....done (15 comparisons).
Generating output file Rd2.ind....done (19 lines written, 1 warning).
Output written in Rd2.ind.
Transcript written in Rd2.ilg.
This is pdfTeX, Version 3.14159265-2.6-1.40.19 (TeX Live 2018) (preloaded format=pdflatex)
 restricted \write18 enabled.
entering extended mode
LaTeX2e <2018-04-01> patch level 2
Babel <3.18> and hyphenation patterns for 22 language(s) loaded.
(./Rd2.tex
(/usr/local/texlive/2018basic/texmf-dist/tex/latex/base/book.cls
Document Class: book 2014/09/29 v1.4h Standard LaTeX document class
(/usr/local/texlive/2018basic/texmf-dist/tex/latex/base/bk10.clo))
(/Library/Frameworks/R.framework/Resources/share/texmf/tex/latex/Rd.sty
(/usr/local/texlive/2018basic/texmf-dist/tex/latex/base/ifthen.sty)
(/usr/local/texlive/2018basic/texmf-dist/tex/latex/tools/longtable.sty)
(/usr/local/texlive/2018basic/texmf-dist/tex/latex/tools/bm.sty)
(/usr/local/texlive/2018basic/texmf-dist/tex/latex/base/alltt.sty)
(/usr/local/texlive/2018basic/texmf-dist/tex/latex/tools/verbatim.sty)
(/usr/local/texlive/2018basic/texmf-dist/tex/latex/url/url.sty)
(/usr/local/texlive/2018basic/texmf-dist/tex/latex/base/textcomp.sty
(/usr/local/texlive/2018basic/texmf-dist/tex/latex/base/ts1enc.def
(/usr/local/texlive/2018basic/texmf-dist/tex/latex/base/ts1enc.dfu)))
(/usr/local/texlive/2018basic/texmf-dist/tex/latex/base/fontenc.sty
(/usr/local/texlive/2018basic/texmf-dist/tex/latex/base/t1enc.def))
(/usr/local/texlive/2018basic/texmf-dist/tex/latex/psnfss/times.sty)
(/usr/local/texlive/2018basic/texmf-dist/tex/latex/inconsolata/zi4.sty
`inconsolata-zi4' v1.112, 2017/01/04 Text macros for Inconsolata (msharpe)
(/usr/local/texlive/2018basic/texmf-dist/tex/latex/xkeyval/xkeyval.sty
(/usr/local/texlive/2018basic/texmf-dist/tex/generic/xkeyval/xkeyval.tex
(/usr/local/texlive/2018basic/texmf-dist/tex/generic/xkeyval/xkvutils.tex
(/usr/local/texlive/2018basic/texmf-dist/tex/generic/xkeyval/keyval.tex)))))
(/usr/local/texlive/2018basic/texmf-dist/tex/latex/graphics/color.sty
(/usr/local/texlive/2018basic/texmf-dist/tex/latex/graphics-cfg/color.cfg)
(/usr/local/texlive/2018basic/texmf-dist/tex/latex/graphics-def/pdftex.def))
(/usr/local/texlive/2018basic/texmf-dist/tex/latex/hyperref/hyperref.sty
(/usr/local/texlive/2018basic/texmf-dist/tex/generic/oberdiek/hobsub-hyperref.s
ty
(/usr/local/texlive/2018basic/texmf-dist/tex/generic/oberdiek/hobsub-generic.st
y)) (/usr/local/texlive/2018basic/texmf-dist/tex/generic/ifxetex/ifxetex.sty)
(/usr/local/texlive/2018basic/texmf-dist/tex/latex/oberdiek/auxhook.sty)
(/usr/local/texlive/2018basic/texmf-dist/tex/latex/oberdiek/kvoptions.sty)
(/usr/local/texlive/2018basic/texmf-dist/tex/latex/hyperref/pd1enc.def)
(/usr/local/texlive/2018basic/texmf-dist/tex/latex/latexconfig/hyperref.cfg))
(/usr/local/texlive/2018basic/texmf-dist/tex/latex/hyperref/hpdftex.def
(/usr/local/texlive/2018basic/texmf-dist/tex/latex/oberdiek/rerunfilecheck.sty)
)

Package hyperref Warning: Option `hyperindex' has already been used,
(hyperref)                setting the option has no effect on input line 366.


Package hyperref Warning: Option `pagebackref' has already been used,
(hyperref)                setting the option has no effect on input line 366.

) (/usr/local/texlive/2018basic/texmf-dist/tex/latex/base/makeidx.sty)
(/usr/local/texlive/2018basic/texmf-dist/tex/latex/base/inputenc.sty)
Writing index file Rd2.idx
(./Rd2.aux) (/usr/local/texlive/2018basic/texmf-dist/tex/latex/base/ts1cmr.fd)
(/usr/local/texlive/2018basic/texmf-dist/tex/latex/psnfss/t1ptm.fd)
(/usr/local/texlive/2018basic/texmf-dist/tex/context/base/mkii/supp-pdf.mkii
[Loading MPS to PDF converter (version 2006.09.02).]
) (/usr/local/texlive/2018basic/texmf-dist/tex/latex/hyperref/nameref.sty
(/usr/local/texlive/2018basic/texmf-dist/tex/generic/oberdiek/gettitlestring.st
y)) (./Rd2.out) (./Rd2.out)
(/usr/local/texlive/2018basic/texmf-dist/tex/latex/inconsolata/t1zi4.fd)
(/usr/local/texlive/2018basic/texmf-dist/tex/latex/psnfss/t1phv.fd) (./Rd2.toc)

Overfull \hbox (22.46844pt too wide) in paragraph at lines 43--47
[]\T1/ptm/m/n/10 Repeat cap-tur-ing net-work logs with pa-ram-e-ters you spec-i
fy from [][]\T1/zi4/m/n/10 ping_capture[][][] \T1/ptm/m/n/10 and [][]\T1/zi4/m/
n/10 get_destinations[][][]\T1/ptm/m/n/10 .
[1{/usr/local/texlive/2018basic/texmf-var/fonts/map/pdftex/updmap/pdftex.map}]
[2] [3] (./Rd2.ind [4] [5]) (./Rd2.aux) )
(see the transcript file for additional information){/usr/local/texlive/2018bas
ic/texmf-dist/fonts/enc/dvips/base/8r.enc}{/usr/local/texlive/2018basic/texmf-d
ist/fonts/enc/dvips/inconsolata/i4-t1-0.enc}</usr/local/texlive/2018basic/texmf
-dist/fonts/type1/public/inconsolata/Inconsolata-zi4r.pfb></usr/local/texlive/2
018basic/texmf-dist/fonts/type1/urw/helvetic/uhvr8a.pfb></usr/local/texlive/201
8basic/texmf-dist/fonts/type1/urw/times/utmb8a.pfb></usr/local/texlive/2018basi
c/texmf-dist/fonts/type1/urw/times/utmr8a.pfb></usr/local/texlive/2018basic/tex
mf-dist/fonts/type1/urw/times/utmr8a.pfb></usr/local/texlive/2018basic/texmf-di
st/fonts/type1/urw/times/utmri8a.pfb>
Output written on Rd2.pdf (5 pages, 81559 bytes).
Transcript written on Rd2.log.
Saving output to ‘pingers-manual.pdf’ ...
Done
You may want to clean up by 'rm -Rf /var/folders/vv/l96z2q5166v1dz8d1tfy8msm0000gn/T//RtmpizvNA4/Rd2pdf20ba187039bb'
